Content-Type: text/plain; charset="utf-8"
MIME-Version: 1.0
Content-Transfer-Encoding: 8bit
Subject: Password reset on 127.0.0.1:8000
From: webmaster@localhost
To: forlan@manya.com
Date: Wed, 12 May 2021 16:05:17 -0000
Message-ID: <162083551765.44224.3328064945606049370@joaquinf-Satellite-S55-C>


You're receiving this email because you requested a password reset for your user account at 127.0.0.1:8000.

Please go to the following page and choose a new password:

http://127.0.0.1:8000/accounts/reset/OQ/amjm0t-27079b374a0c18126a8de0d78a0fdb24/

Your username, in case you’ve forgotten: rarrararar

Thanks for using our site!

The 127.0.0.1:8000 team



-------------------------------------------------------------------------------
Content-Type: text/plain; charset="utf-8"
MIME-Version: 1.0
Content-Transfer-Encoding: 8bit
Subject: Password reset on 127.0.0.1:8000
From: webmaster@localhost
To: forlan@manya.com
Date: Wed, 12 May 2021 16:05:17 -0000
Message-ID: <162083551765.44224.4592192393878151371@joaquinf-Satellite-S55-C>


You're receiving this email because you requested a password reset for your user account at 127.0.0.1:8000.

Please go to the following page and choose a new password:

http://127.0.0.1:8000/accounts/reset/MTA/amjm0t-7daf0e651ba69ca9e0c5f9d6a49739ac/

Your username, in case you’ve forgotten: sabelo

Thanks for using our site!

The 127.0.0.1:8000 team



-------------------------------------------------------------------------------
